commit 13679baf997555735b038fd2d814bd56ccbbd049
Author: Anup Antony <anoop.kochi@gmail.com>
Date:   Mon May 28 07:04:17 2018 -0400

    Test Commit

diff --git a/README1.md b/README1.md
index 4aa39f7..9dd805d 100644
--- a/README1.md
+++ b/README1.md
@@ -1,2 +1,2 @@
-wasdasdasdasdsad# hello-world
+wasdasdasdasdsadsdasdasdsad# hello-world
 Testing Repository
diff --git a/gitlog.log b/gitlog.log
new file mode 100644
index 0000000..51f4649
--- /dev/null
+++ b/gitlog.log
@@ -0,0 +1,30 @@
+commit b4c0bd4a577db429b8ea12f1428352f6dab4a050
+Author: Anup Antony <anoop.kochi@gmail.com>
+Date:   Mon May 28 02:29:38 2018 -0400
+
+    Test Commit
+
+diff --git a/README.md b/README.md
+index a598b75..18e5e1d 100644
+--- a/README.md
++++ b/README.md
+@@ -1,2 +1,3 @@
+-awewaqesaedsadsad# hello-world
++awewaqesaedsadsad#  hello-world
++New Change Inserted#1
+ Testing Repository asdsadasdasdsadsad 213213213213213
+
+commit 48e8fa62b5caa2588920b360ca3b04f91712b965
+Author: Anup Antony <anoop.kochi@gmail.com>
+Date:   Mon May 28 02:27:24 2018 -0400
+
+    Test Commit
+
+diff --git a/README.md b/README.md
+index 4bb2b0a..a598b75 100644
+--- a/README.md
++++ b/README.md
+@@ -1,2 +1,2 @@
+-# hello-world
++awewaqesaedsadsad# hello-world
+ Testing Repository asdsadasdasdsadsad 213213213213213

commit b4c0bd4a577db429b8ea12f1428352f6dab4a050
Author: Anup Antony <anoop.kochi@gmail.com>
Date:   Mon May 28 02:29:38 2018 -0400

    Test Commit

diff --git a/README.md b/README.md
index a598b75..18e5e1d 100644
--- a/README.md
+++ b/README.md
@@ -1,2 +1,3 @@
-awewaqesaedsadsad# hello-world
+awewaqesaedsadsad#  hello-world
+New Change Inserted#1
 Testing Repository asdsadasdasdsadsad 213213213213213
